<?xml version="1.0" encoding="UTF-8" ?>
<testsuite tests="9" failures="0" name="coursework_question2.TraderJTest" time="0.005" errors="0" skipped="0">
  <properties>
    <property name="java.runtime.name" value="Java(TM) SE Runtime Environment"/>
    <property name="java.vm.version" value="16.0.2+7-67"/>
    <property name="sun.boot.library.path" value="/Library/Java/JavaVirtualMachines/jdk-16.0.2.jdk/Contents/Home/lib"/>
    <property name="maven.multiModuleProjectDirectory" value="/Users/annacarter/git/com1027ac02351/Coursework"/>
    <property name="java.vm.vendor" value="Oracle Corporation"/>
    <property name="java.vendor.url" value="https://java.oracle.com/"/>
    <property name="path.separator" value=":"/>
    <property name="guice.disable.misplaced.annotation.check" value="true"/>
    <property name="java.vm.name" value="Java HotSpot(TM) 64-Bit Server VM"/>
    <property name="user.country" value="GB"/>
    <property name="sun.java.launcher" value="SUN_STANDARD"/>
    <property name="java.vm.specification.name" value="Java Virtual Machine Specification"/>
    <property name="user.dir" value="/Users/annacarter/git/com1027ac02351/Coursework"/>
    <property name="java.vm.compressedOopsMode" value="Zero based"/>
    <property name="java.runtime.version" value="16.0.2+7-67"/>
    <property name="os.arch" value="x86_64"/>
    <property name="java.io.tmpdir" value="/var/folders/6s/wyfm7tf976524zrwx5xfpg9w0000gn/T/"/>
    <property name="line.separator" value="
"/>
    <property name="java.vm.specification.vendor" value="Oracle Corporation"/>
    <property name="os.name" value="Mac OS X"/>
    <property name="classworlds.conf" value="/Users/annacarter/eclipse-workspace/.metadata/.plugins/org.eclipse.m2e.launching/launches/m2conf15426976208375496366.tmp"/>
    <property name="sun.jnu.encoding" value="UTF-8"/>
    <property name="java.library.path" value="/Users/annacarter/Library/Java/Extensions:/Library/Java/Extensions:/Network/Library/Java/Extensions:/System/Library/Java/Extensions:/usr/lib/java:."/>
    <property name="jdk.debug" value="release"/>
    <property name="java.class.version" value="60.0"/>
    <property name="java.specification.name" value="Java Platform API Specification"/>
    <property name="sun.management.compiler" value="HotSpot 64-Bit Tiered Compilers"/>
    <property name="os.version" value="10.15.7"/>
    <property name="user.home" value="/Users/annacarter"/>
    <property name="user.timezone" value="Europe/London"/>
    <property name="file.encoding" value="UTF-8"/>
    <property name="java.specification.version" value="16"/>
    <property name="user.name" value="annacarter"/>
    <property name="java.class.path" value="/Users/annacarter/.p2/pool/plugins/org.eclipse.m2e.maven.runtime_1.18.0.20210618-2246/jars/plexus-classworlds-2.6.0.jar"/>
    <property name="java.vm.specification.version" value="16"/>
    <property name="sun.arch.data.model" value="64"/>
    <property name="sun.java.command" value="org.codehaus.plexus.classworlds.launcher.Launcher -B test"/>
    <property name="java.home" value="/Library/Java/JavaVirtualMachines/jdk-16.0.2.jdk/Contents/Home"/>
    <property name="user.language" value="en"/>
    <property name="java.specification.vendor" value="Oracle Corporation"/>
    <property name="java.vm.info" value="mixed mode, sharing"/>
    <property name="java.version" value="16.0.2"/>
    <property name="java.vendor" value="Oracle Corporation"/>
    <property name="maven.home" value="/Users/annacarter/git/com1027ac02351/Coursework/EMBEDDED"/>
    <property name="file.separator" value="/"/>
    <property name="java.version.date" value="2021-07-20"/>
    <property name="java.vendor.url.bug" value="https://bugreport.java.com/bugreport/"/>
    <property name="sun.io.unicode.encoding" value="UnicodeBig"/>
    <property name="sun.cpu.endian" value="little"/>
  </properties>
  <testcase classname="coursework_question2.TraderJTest" name="coursework_testDisplayNoUnsoldCars" time="0.001"/>
  <testcase classname="coursework_question2.TraderJTest" name="coursework_testDisplayStatistics" time="0"/>
  <testcase classname="coursework_question2.TraderJTest" name="coursework_testInvalidRegister" time="0"/>
  <testcase classname="coursework_question2.TraderJTest" name="coursework_testTrader" time="0.001"/>
  <testcase classname="coursework_question2.TraderJTest" name="coursework_testDisplaySoldCars" time="0.001"/>
  <testcase classname="coursework_question2.TraderJTest" name="coursework_testDisplayNoSoldCars" time="0"/>
  <testcase classname="coursework_question2.TraderJTest" name="coursework_testDisplayUnsoldCars" time="0.001"/>
  <testcase classname="coursework_question2.TraderJTest" name="coursework_testInvalidPlaceOffer" time="0"/>
  <testcase classname="coursework_question2.TraderJTest" name="coursework_testPlaceOffer" time="0.001"/>
</testsuite>